  main.cpp
f:\do something\ossimulation\ossimulation\include\device\memory\mmu.h : warning C4819: 该文件包含不能在当前代码页(936)中表示的字符。请将该文件保存为 Unicode 格式以防止数据丢失
f:\do something\ossimulation\ossimulation\include\config\macro.h : warning C4819: 该文件包含不能在当前代码页(936)中表示的字符。请将该文件保存为 Unicode 格式以防止数据丢失
f:\do something\ossimulation\ossimulation\include\device\memory\page_table.h : warning C4819: 该文件包含不能在当前代码页(936)中表示的字符。请将该文件保存为 Unicode 格式以防止数据丢失
f:\do something\ossimulation\ossimulation\include\device\memory\process_table_item.h : warning C4819: 该文件包含不能在当前代码页(936)中表示的字符。请将该文件保存为 Unicode 格式以防止数据丢失
f:\do something\ossimulation\ossimulation\include\device\memory\process_table_item.h(24): error C2065: “_MEM_DEFAULT_STACK_PAGE”: 未声明的标识符
f:\do something\ossimulation\ossimulation\include\device\memory\mmu.h(44): error C2065: “_MEM_DEFAULT_STACK_PAGE”: 未声明的标识符
  process_table_item.cpp
f:\do something\ossimulation\ossimulation\include\device\memory\process_table_item.cpp : warning C4819: 该文件包含不能在当前代码页(936)中表示的字符。请将该文件保存为 Unicode 格式以防止数据丢失
f:\do something\ossimulation\ossimulation\include\device\memory\process_table_item.h : warning C4819: 该文件包含不能在当前代码页(936)中表示的字符。请将该文件保存为 Unicode 格式以防止数据丢失
f:\do something\ossimulation\ossimulation\include\config\macro.h : warning C4819: 该文件包含不能在当前代码页(936)中表示的字符。请将该文件保存为 Unicode 格式以防止数据丢失
f:\do something\ossimulation\ossimulation\include\device\memory\process_table_item.h(24): error C2065: “_MEM_DEFAULT_STACK_PAGE”: 未声明的标识符
f:\do something\ossimulation\ossimulation\include\device\memory\mmu.h : warning C4819: 该文件包含不能在当前代码页(936)中表示的字符。请将该文件保存为 Unicode 格式以防止数据丢失
f:\do something\ossimulation\ossimulation\include\device\memory\page_table.h : warning C4819: 该文件包含不能在当前代码页(936)中表示的字符。请将该文件保存为 Unicode 格式以防止数据丢失
f:\do something\ossimulation\ossimulation\include\device\memory\mmu.h(44): error C2065: “_MEM_DEFAULT_STACK_PAGE”: 未声明的标识符
f:\do something\ossimulation\ossimulation\include\device\memory\process_table_item.cpp(16): error C2065: “mPageTable”: 未声明的标识符
f:\do something\ossimulation\ossimulation\include\device\memory\process_table_item.cpp(16): error C2228: “.clear”的左边必须有类/结构/联合
  f:\do something\ossimulation\ossimulation\include\device\memory\process_table_item.cpp(16): note: 类型是“unknown-type”
f:\do something\ossimulation\ossimulation\include\device\memory\process_table_item.cpp(24): error C2065: “mPageTable”: 未声明的标识符
f:\do something\ossimulation\ossimulation\include\device\memory\process_table_item.cpp(24): error C2228: “.insert”的左边必须有类/结构/联合
  f:\do something\ossimulation\ossimulation\include\device\memory\process_table_item.cpp(24): note: 类型是“unknown-type”
f:\do something\ossimulation\ossimulation\include\device\memory\process_table_item.cpp(40): error C2065: “mPageTable”: 未声明的标识符
f:\do something\ossimulation\ossimulation\include\device\memory\process_table_item.cpp(40): error C2228: “.find”的左边必须有类/结构/联合
  f:\do something\ossimulation\ossimulation\include\device\memory\process_table_item.cpp(40): note: 类型是“unknown-type”
f:\do something\ossimulation\ossimulation\include\device\memory\process_table_item.cpp(41): error C3536: “item”: 初始化之前无法使用
f:\do something\ossimulation\ossimulation\include\device\memory\process_table_item.cpp(41): error C2065: “mPageTable”: 未声明的标识符
f:\do something\ossimulation\ossimulation\include\device\memory\process_table_item.cpp(41): error C2228: “.end”的左边必须有类/结构/联合
  f:\do something\ossimulation\ossimulation\include\device\memory\process_table_item.cpp(41): note: 类型是“unknown-type”
f:\do something\ossimulation\ossimulation\include\device\memory\process_table_item.cpp(41): error C2227: “->second”的左边必须指向类/结构/联合/泛型类型
  f:\do something\ossimulation\ossimulation\include\device\memory\process_table_item.cpp(41): note: 类型是“int”
f:\do something\ossimulation\ossimulation\include\device\memory\process_table_item.cpp(43): error C2227: “->second”的左边必须指向类/结构/联合/泛型类型
  f:\do something\ossimulation\ossimulation\include\device\memory\process_table_item.cpp(43): note: 类型是“int”
f:\do something\ossimulation\ossimulation\include\device\memory\process_table_item.cpp(61): error C2065: “mPageTable”: 未声明的标识符
f:\do something\ossimulation\ossimulation\include\device\memory\process_table_item.cpp(61): error C2228: “.find”的左边必须有类/结构/联合
  f:\do something\ossimulation\ossimulation\include\device\memory\process_table_item.cpp(61): note: 类型是“unknown-type”
f:\do something\ossimulation\ossimulation\include\device\memory\process_table_item.cpp(62): error C2065: “mPageTable”: 未声明的标识符
f:\do something\ossimulation\ossimulation\include\device\memory\process_table_item.cpp(62): error C2228: “.end”的左边必须有类/结构/联合
  f:\do something\ossimulation\ossimulation\include\device\memory\process_table_item.cpp(62): note: 类型是“unknown-type”
f:\do something\ossimulation\ossimulation\include\device\memory\process_table_item.cpp(62): error C3536: “pageTableItem”: 初始化之前无法使用
f:\do something\ossimulation\ossimulation\include\device\memory\process_table_item.cpp(64): error C2227: “->second”的左边必须指向类/结构/联合/泛型类型
  f:\do something\ossimulation\ossimulation\include\device\memory\process_table_item.cpp(64): note: 类型是“int”
f:\do something\ossimulation\ossimulation\include\device\memory\process_table_item.cpp(64): error C2227: “->getPhysicalAddress”的左边必须指向类/结构/联合/泛型类型
f:\do something\ossimulation\ossimulation\include\device\memory\process_table_item.cpp(90): error C2065: “mPageTable”: 未声明的标识符
f:\do something\ossimulation\ossimulation\include\device\memory\process_table_item.cpp(90): error C2228: “.find”的左边必须有类/结构/联合
  f:\do something\ossimulation\ossimulation\include\device\memory\process_table_item.cpp(90): note: 类型是“unknown-type”
f:\do something\ossimulation\ossimulation\include\device\memory\process_table_item.cpp(91): error C3536: “pti”: 初始化之前无法使用
f:\do something\ossimulation\ossimulation\include\device\memory\process_table_item.cpp(91): error C2065: “mPageTable”: 未声明的标识符
f:\do something\ossimulation\ossimulation\include\device\memory\process_table_item.cpp(91): error C2228: “.end”的左边必须有类/结构/联合
  f:\do something\ossimulation\ossimulation\include\device\memory\process_table_item.cpp(91): note: 类型是“unknown-type”
f:\do something\ossimulation\ossimulation\include\device\memory\process_table_item.cpp(91): error C2227: “->second”的左边必须指向类/结构/联合/泛型类型
  f:\do something\ossimulation\ossimulation\include\device\memory\process_table_item.cpp(91): note: 类型是“int”
f:\do something\ossimulation\ossimulation\include\device\memory\process_table_item.cpp(97): error C2227: “->second”的左边必须指向类/结构/联合/泛型类型
  f:\do something\ossimulation\ossimulation\include\device\memory\process_table_item.cpp(97): note: 类型是“int”
f:\do something\ossimulation\ossimulation\include\device\memory\process_table_item.cpp(97): error C2227: “->isInMemory”的左边必须指向类/结构/联合/泛型类型
f:\do something\ossimulation\ossimulation\include\device\memory\process_table_item.cpp(121): error C2065: “mPageTable”: 未声明的标识符
f:\do something\ossimulation\ossimulation\include\device\memory\process_table_item.cpp(121): error C2228: “.find”的左边必须有类/结构/联合
  f:\do something\ossimulation\ossimulation\include\device\memory\process_table_item.cpp(121): note: 类型是“unknown-type”
f:\do something\ossimulation\ossimulation\include\device\memory\process_table_item.cpp(122): error C3536: “pti”: 初始化之前无法使用
f:\do something\ossimulation\ossimulation\include\device\memory\process_table_item.cpp(122): error C2065: “mPageTable”: 未声明的标识符
f:\do something\ossimulation\ossimulation\include\device\memory\process_table_item.cpp(122): error C2228: “.end”的左边必须有类/结构/联合
  f:\do something\ossimulation\ossimulation\include\device\memory\process_table_item.cpp(122): note: 类型是“unknown-type”
f:\do something\ossimulation\ossimulation\include\device\memory\process_table_item.cpp(122): error C2227: “->second”的左边必须指向类/结构/联合/泛型类型
  f:\do something\ossimulation\ossimulation\include\device\memory\process_table_item.cpp(122): note: 类型是“int”
f:\do something\ossimulation\ossimulation\include\device\memory\process_table_item.cpp(128): error C2227: “->second”的左边必须指向类/结构/联合/泛型类型
  f:\do something\ossimulation\ossimulation\include\device\memory\process_table_item.cpp(128): note: 类型是“int”
f:\do something\ossimulation\ossimulation\include\device\memory\process_table_item.cpp(128): error C2227: “->isInMemory”的左边必须指向类/结构/联合/泛型类型
f:\do something\ossimulation\ossimulation\include\device\memory\process_table_item.cpp(151): error C2065: “mPageTable”: 未声明的标识符
f:\do something\ossimulation\ossimulation\include\device\memory\process_table_item.cpp(151): error C2228: “.find”的左边必须有类/结构/联合
  f:\do something\ossimulation\ossimulation\include\device\memory\process_table_item.cpp(151): note: 类型是“unknown-type”
f:\do something\ossimulation\ossimulation\include\device\memory\process_table_item.cpp(152): error C3536: “pti”: 初始化之前无法使用
f:\do something\ossimulation\ossimulation\include\device\memory\process_table_item.cpp(152): error C2065: “mPageTable”: 未声明的标识符
f:\do something\ossimulation\ossimulation\include\device\memory\process_table_item.cpp(152): error C2228: “.end”的左边必须有类/结构/联合
  f:\do something\ossimulation\ossimulation\include\device\memory\process_table_item.cpp(152): note: 类型是“unknown-type”
f:\do something\ossimulation\ossimulation\include\device\memory\process_table_item.cpp(152): error C2227: “->second”的左边必须指向类/结构/联合/泛型类型
  f:\do something\ossimulation\ossimulation\include\device\memory\process_table_item.cpp(152): note: 类型是“int”
f:\do something\ossimulation\ossimulation\include\device\memory\process_table_item.cpp(158): error C2227: “->second”的左边必须指向类/结构/联合/泛型类型
  f:\do something\ossimulation\ossimulation\include\device\memory\process_table_item.cpp(158): note: 类型是“int”
f:\do something\ossimulation\ossimulation\include\device\memory\process_table_item.cpp(158): error C2227: “->isInMemory”的左边必须指向类/结构/联合/泛型类型
f:\do something\ossimulation\ossimulation\include\device\memory\process_table_item.cpp(200): error C2065: “mPageTable”: 未声明的标识符
f:\do something\ossimulation\ossimulation\include\device\memory\process_table_item.cpp(200): error C2228: “.find”的左边必须有类/结构/联合
  f:\do something\ossimulation\ossimulation\include\device\memory\process_table_item.cpp(200): note: 类型是“unknown-type”
f:\do something\ossimulation\ossimulation\include\device\memory\process_table_item.cpp(201): error C3536: “pti”: 初始化之前无法使用
f:\do something\ossimulation\ossimulation\include\device\memory\process_table_item.cpp(201): error C2065: “mPageTable”: 未声明的标识符
f:\do something\ossimulation\ossimulation\include\device\memory\process_table_item.cpp(201): error C2228: “.end”的左边必须有类/结构/联合
  f:\do something\ossimulation\ossimulation\include\device\memory\process_table_item.cpp(201): note: 类型是“unknown-type”
f:\do something\ossimulation\ossimulation\include\device\memory\process_table_item.cpp(201): error C2227: “->second”的左边必须指向类/结构/联合/泛型类型
  f:\do something\ossimulation\ossimulation\include\device\memory\process_table_item.cpp(201): note: 类型是“int”
f:\do something\ossimulation\ossimulation\include\device\memory\process_table_item.cpp(208): error C2227: “->second”的左边必须指向类/结构/联合/泛型类型
  f:\do something\ossimulation\ossimulation\include\device\memory\process_table_item.cpp(208): note: 类型是“int”
f:\do something\ossimulation\ossimulation\include\device\memory\process_table_item.cpp(208): error C2227: “->isInMemory”的左边必须指向类/结构/联合/泛型类型
f:\do something\ossimulation\ossimulation\include\device\memory\process_table_item.cpp(213): error C2227: “->second”的左边必须指向类/结构/联合/泛型类型
  f:\do something\ossimulation\ossimulation\include\device\memory\process_table_item.cpp(213): note: 类型是“int”
f:\do something\ossimulation\ossimulation\include\device\memory\process_table_item.cpp(213): error C2227: “->getPhysicalAddress”的左边必须指向类/结构/联合/泛型类型
f:\do something\ossimulation\ossimulation\include\device\memory\process_table_item.cpp(235): error C2059: 语法错误:“if”
f:\do something\ossimulation\ossimulation\include\device\memory\process_table_item.cpp(237): error C2065: “mHeapAddress”: 未声明的标识符
f:\do something\ossimulation\ossimulation\include\device\memory\process_table_item.cpp(237): error C2065: “mHeapUsedSize”: 未声明的标识符
f:\do something\ossimulation\ossimulation\include\device\memory\process_table_item.cpp(238): error C2059: 语法错误:“if”
f:\do something\ossimulation\ossimulation\include\device\memory\process_table_item.cpp(242): error C2059: 语法错误:“if”
f:\do something\ossimulation\ossimulation\include\device\memory\process_table_item.cpp(245): error C2065: “heapPage”: 未声明的标识符
f:\do something\ossimulation\ossimulation\include\device\memory\process_table_item.cpp(248): error C3927: "->": 非函数声明符后不允许尾随返回类型
f:\do something\ossimulation\ossimulation\include\device\memory\process_table_item.cpp(248): error C3484: 语法错误: 返回类型前应为“->”
f:\do something\ossimulation\ossimulation\include\device\memory\process_table_item.cpp(248): error C3613: “->”后缺少返回类型(假定为“int”)
f:\do something\ossimulation\ossimulation\include\device\memory\process_table_item.cpp(248): error C4430: 缺少类型说明符 - 假定为 int。注意: C++ 不支持默认 int
f:\do something\ossimulation\ossimulation\include\device\memory\process_table_item.cpp(248): error C2371: “pages”: 重定义；不同的基类型
  f:\do something\ossimulation\ossimulation\include\device\memory\process_table_item.cpp(247): note: 参见“pages”的声明
f:\do something\ossimulation\ossimulation\include\device\memory\process_table_item.cpp(248): error C2146: 语法错误: 缺少“;”(在标识符“clear”的前面)
f:\do something\ossimulation\ossimulation\include\device\memory\process_table_item.cpp(251): error C2059: 语法错误:“while”
f:\do something\ossimulation\ossimulation\include\device\memory\process_table_item.cpp(251): error C2143: 语法错误: 缺少“;”(在“{”的前面)
f:\do something\ossimulation\ossimulation\include\device\memory\process_table_item.cpp(251): error C2447: “{”: 缺少函数标题(是否是老式的形式表?)
f:\do something\ossimulation\ossimulation\include\device\memory\process_table_item.cpp(274): error C2059: 语法错误:“return”
f:\do something\ossimulation\ossimulation\include\device\memory\process_table_item.cpp(275): error C2059: 语法错误:“}”
f:\do something\ossimulation\ossimulation\include\device\memory\process_table_item.cpp(275): error C2143: 语法错误: 缺少“;”(在“}”的前面)
f:\do something\ossimulation\ossimulation\include\device\memory\process_table_item.cpp(277): error C2143: 语法错误: 缺少“;”(在“{”的前面)
f:\do something\ossimulation\ossimulation\include\device\memory\process_table_item.cpp(277): error C2447: “{”: 缺少函数标题(是否是老式的形式表?)
  page_table_item.cpp
f:\do something\ossimulation\ossimulation\include\device\memory\page_table_item.cpp : warning C4819: 该文件包含不能在当前代码页(936)中表示的字符。请将该文件保存为 Unicode 格式以防止数据丢失
f:\do something\ossimulation\ossimulation\include\device\memory\mmu.h : warning C4819: 该文件包含不能在当前代码页(936)中表示的字符。请将该文件保存为 Unicode 格式以防止数据丢失
f:\do something\ossimulation\ossimulation\include\config\macro.h : warning C4819: 该文件包含不能在当前代码页(936)中表示的字符。请将该文件保存为 Unicode 格式以防止数据丢失
f:\do something\ossimulation\ossimulation\include\device\memory\page_table.h : warning C4819: 该文件包含不能在当前代码页(936)中表示的字符。请将该文件保存为 Unicode 格式以防止数据丢失
f:\do something\ossimulation\ossimulation\include\device\memory\process_table_item.h : warning C4819: 该文件包含不能在当前代码页(936)中表示的字符。请将该文件保存为 Unicode 格式以防止数据丢失
f:\do something\ossimulation\ossimulation\include\device\memory\process_table_item.h(24): error C2065: “_MEM_DEFAULT_STACK_PAGE”: 未声明的标识符
f:\do something\ossimulation\ossimulation\include\device\memory\mmu.h(44): error C2065: “_MEM_DEFAULT_STACK_PAGE”: 未声明的标识符
  page_table.cpp
f:\do something\ossimulation\ossimulation\include\device\memory\page_table.cpp : warning C4819: 该文件包含不能在当前代码页(936)中表示的字符。请将该文件保存为 Unicode 格式以防止数据丢失
f:\do something\ossimulation\ossimulation\include\config\macro.h : warning C4819: 该文件包含不能在当前代码页(936)中表示的字符。请将该文件保存为 Unicode 格式以防止数据丢失
f:\do something\ossimulation\ossimulation\include\device\memory\page_table.h : warning C4819: 该文件包含不能在当前代码页(936)中表示的字符。请将该文件保存为 Unicode 格式以防止数据丢失
f:\do something\ossimulation\ossimulation\include\device\memory\mmu.h : warning C4819: 该文件包含不能在当前代码页(936)中表示的字符。请将该文件保存为 Unicode 格式以防止数据丢失
f:\do something\ossimulation\ossimulation\include\device\memory\process_table_item.h : warning C4819: 该文件包含不能在当前代码页(936)中表示的字符。请将该文件保存为 Unicode 格式以防止数据丢失
f:\do something\ossimulation\ossimulation\include\device\memory\process_table_item.h(24): error C2065: “_MEM_DEFAULT_STACK_PAGE”: 未声明的标识符
f:\do something\ossimulation\ossimulation\include\device\memory\mmu.h(44): error C2065: “_MEM_DEFAULT_STACK_PAGE”: 未声明的标识符
f:\do something\ossimulation\ossimulation\include\device\memory\page_table.cpp(16): error C2065: “mAlloced”: 未声明的标识符
f:\do something\ossimulation\ossimulation\include\device\memory\page_table.cpp(50): error C2059: 语法错误:“if”
f:\do something\ossimulation\ossimulation\include\device\memory\page_table.cpp(50): error C2143: 语法错误: 缺少“;”(在“{”的前面)
f:\do something\ossimulation\ossimulation\include\device\memory\page_table.cpp(50): error C2447: “{”: 缺少函数标题(是否是老式的形式表?)
f:\do something\ossimulation\ossimulation\include\device\memory\page_table.cpp(64): error C2059: 语法错误:“return”
f:\do something\ossimulation\ossimulation\include\device\memory\page_table.cpp(65): error C2059: 语法错误:“}”
f:\do something\ossimulation\ossimulation\include\device\memory\page_table.cpp(65): error C2143: 语法错误: 缺少“;”(在“}”的前面)
f:\do something\ossimulation\ossimulation\include\device\memory\page_table.cpp(67): error C2143: 语法错误: 缺少“;”(在“{”的前面)
f:\do something\ossimulation\ossimulation\include\device\memory\page_table.cpp(67): error C2447: “{”: 缺少函数标题(是否是老式的形式表?)
f:\do something\ossimulation\ossimulation\include\device\memory\page_table.cpp(128): error C2039: “getProcessPageTableItem”: 不是“MMU”的成员
  f:\do something\ossimulation\ossimulation\include\device\memory\mmu.h(16): note: 参见“MMU”的声明
f:\do something\ossimulation\ossimulation\include\device\memory\page_table.cpp(143): error C2660: “PageTable::usedPage”: 函数不接受 1 个参数
f:\do something\ossimulation\ossimulation\include\device\memory\page_table.cpp(152): error C2511: “void PageTable::usedPage(PageTableItem *)”:“PageTable”中没有找到重载的成员函数
  f:\do something\ossimulation\ossimulation\include\device\memory\page_table.h(26): note: 参见“PageTable”的声明
f:\do something\ossimulation\ossimulation\include\device\memory\page_table.cpp(159): error C2597: 对非静态成员“PageTable::mLRUStackHead”的非法引用
f:\do something\ossimulation\ossimulation\include\device\memory\page_table.cpp(159): error C3867: “PageTable::mLRUStackHead”: 非标准语法；请使用 "&" 来创建指向成员的指针
f:\do something\ossimulation\ossimulation\include\device\memory\page_table.cpp(159): error C2568: “=”: 无法解析函数重载
f:\do something\ossimulation\ossimulation\include\device\memory\page_table.cpp(160): error C2597: 对非静态成员“PageTable::mLRUStackHead”的非法引用
f:\do something\ossimulation\ossimulation\include\device\memory\page_table.cpp(161): error C2227: “->pre”的左边必须指向类/结构/联合/泛型类型
f:\do something\ossimulation\ossimulation\include\device\memory\page_table.cpp(162): error C2597: 对非静态成员“PageTable::mLRUStackHead”的非法引用
f:\do something\ossimulation\ossimulation\include\device\memory\page_table.cpp(167): error C2660: “PageTable::usedPage”: 函数不接受 1 个参数
  mmu.cpp
f:\do something\ossimulation\ossimulation\include\device\memory\mmu.cpp : warning C4819: 该文件包含不能在当前代码页(936)中表示的字符。请将该文件保存为 Unicode 格式以防止数据丢失
f:\do something\ossimulation\ossimulation\include\device\memory\mmu.h : warning C4819: 该文件包含不能在当前代码页(936)中表示的字符。请将该文件保存为 Unicode 格式以防止数据丢失
f:\do something\ossimulation\ossimulation\include\config\macro.h : warning C4819: 该文件包含不能在当前代码页(936)中表示的字符。请将该文件保存为 Unicode 格式以防止数据丢失
f:\do something\ossimulation\ossimulation\include\device\memory\page_table.h : warning C4819: 该文件包含不能在当前代码页(936)中表示的字符。请将该文件保存为 Unicode 格式以防止数据丢失
f:\do something\ossimulation\ossimulation\include\device\memory\process_table_item.h : warning C4819: 该文件包含不能在当前代码页(936)中表示的字符。请将该文件保存为 Unicode 格式以防止数据丢失
f:\do something\ossimulation\ossimulation\include\device\memory\process_table_item.h(24): error C2065: “_MEM_DEFAULT_STACK_PAGE”: 未声明的标识符
f:\do something\ossimulation\ossimulation\include\device\memory\mmu.h(44): error C2065: “_MEM_DEFAULT_STACK_PAGE”: 未声明的标识符
f:\do something\ossimulation\ossimulation\include\device\memory\mmu.cpp(22): error C2065: “mFrameTable”: 未声明的标识符
f:\do something\ossimulation\ossimulation\include\device\memory\mmu.cpp(22): error C2228: “.clear”的左边必须有类/结构/联合
  f:\do something\ossimulation\ossimulation\include\device\memory\mmu.cpp(22): note: 类型是“unknown-type”
f:\do something\ossimulation\ossimulation\include\device\memory\mmu.cpp(23): error C2065: “mProcessTable”: 未声明的标识符
f:\do something\ossimulation\ossimulation\include\device\memory\mmu.cpp(23): error C2228: “.clear”的左边必须有类/结构/联合
  f:\do something\ossimulation\ossimulation\include\device\memory\mmu.cpp(23): note: 类型是“unknown-type”
f:\do something\ossimulation\ossimulation\include\device\memory\mmu.cpp(26): error C2065: “mSystemUsedSize”: 未声明的标识符
f:\do something\ossimulation\ossimulation\include\device\memory\mmu.cpp(33): error C2065: “mFrameTable”: 未声明的标识符
f:\do something\ossimulation\ossimulation\include\device\memory\mmu.cpp(33): error C3312: 未找到可调用的“begin”函数(针对类型“unknown-type”)
f:\do something\ossimulation\ossimulation\include\device\memory\mmu.cpp(33): error C3312: 未找到可调用的“end”函数(针对类型“unknown-type”)
f:\do something\ossimulation\ossimulation\include\device\memory\mmu.cpp(34): error C2065: “p”: 未声明的标识符
f:\do something\ossimulation\ossimulation\include\device\memory\mmu.cpp(34): error C2227: “->getFrameAddress”的左边必须指向类/结构/联合/泛型类型
  f:\do something\ossimulation\ossimulation\include\device\memory\mmu.cpp(34): note: 类型是“unknown-type”
f:\do something\ossimulation\ossimulation\include\device\memory\mmu.cpp(34): error C2227: “->getPid”的左边必须指向类/结构/联合/泛型类型
  f:\do something\ossimulation\ossimulation\include\device\memory\mmu.cpp(34): note: 类型是“unknown-type”
f:\do something\ossimulation\ossimulation\include\device\memory\mmu.cpp(35): error C2065: “p”: 未声明的标识符
f:\do something\ossimulation\ossimulation\include\device\memory\mmu.cpp(35): error C2227: “->getFrameAddress”的左边必须指向类/结构/联合/泛型类型
  f:\do something\ossimulation\ossimulation\include\device\memory\mmu.cpp(35): note: 类型是“unknown-type”
f:\do something\ossimulation\ossimulation\include\device\memory\mmu.cpp(38): error C2065: “mFrameTable”: 未声明的标识符
f:\do something\ossimulation\ossimulation\include\device\memory\mmu.cpp(38): error C2228: “.clear”的左边必须有类/结构/联合
  f:\do something\ossimulation\ossimulation\include\device\memory\mmu.cpp(38): note: 类型是“unknown-type”
f:\do something\ossimulation\ossimulation\include\device\memory\mmu.cpp(42): error C2065: “mProcessTable”: 未声明的标识符
f:\do something\ossimulation\ossimulation\include\device\memory\mmu.cpp(42): error C2228: “.clear”的左边必须有类/结构/联合
  f:\do something\ossimulation\ossimulation\include\device\memory\mmu.cpp(42): note: 类型是“unknown-type”
f:\do something\ossimulation\ossimulation\include\device\memory\mmu.cpp(48): error C2039: “check”: 不是“MMU”的成员
  f:\do something\ossimulation\ossimulation\include\device\memory\mmu.h(16): note: 参见“MMU”的声明
f:\do something\ossimulation\ossimulation\include\device\memory\mmu.cpp(57): error C2059: 语法错误:“if”
f:\do something\ossimulation\ossimulation\include\device\memory\mmu.cpp(57): error C2143: 语法错误: 缺少“;”(在“{”的前面)
f:\do something\ossimulation\ossimulation\include\device\memory\mmu.cpp(57): error C2447: “{”: 缺少函数标题(是否是老式的形式表?)
f:\do something\ossimulation\ossimulation\include\device\memory\mmu.cpp(62): error C2059: 语法错误:“if”
f:\do something\ossimulation\ossimulation\include\device\memory\mmu.cpp(62): error C2143: 语法错误: 缺少“;”(在“{”的前面)
f:\do something\ossimulation\ossimulation\include\device\memory\mmu.cpp(62): error C2447: “{”: 缺少函数标题(是否是老式的形式表?)
f:\do something\ossimulation\ossimulation\include\device\memory\mmu.cpp(68): error C2059: 语法错误:“if”
f:\do something\ossimulation\ossimulation\include\device\memory\mmu.cpp(70): error C2059: 语法错误:“}”
f:\do something\ossimulation\ossimulation\include\device\memory\mmu.cpp(70): error C2143: 语法错误: 缺少“;”(在“}”的前面)
f:\do something\ossimulation\ossimulation\include\device\memory\mmu.cpp(74): error C2065: “pageTableSize”: 未声明的标识符
f:\do something\ossimulation\ossimulation\include\device\memory\mmu.cpp(76): error C2143: 语法错误: 缺少“;”(在“*=”的前面)
f:\do something\ossimulation\ossimulation\include\device\memory\mmu.cpp(76): error C4430: 缺少类型说明符 - 假定为 int。注意: C++ 不支持默认 int
f:\do something\ossimulation\ossimulation\include\device\memory\mmu.cpp(76): error C2371: “processTableSize”: 重定义；不同的基类型
  f:\do something\ossimulation\ossimulation\include\device\memory\mmu.cpp(75): note: 参见“processTableSize”的声明
f:\do something\ossimulation\ossimulation\include\device\memory\mmu.cpp(78): error C2059: 语法错误:“if”
f:\do something\ossimulation\ossimulation\include\device\memory\mmu.cpp(78): error C2143: 语法错误: 缺少“;”(在“{”的前面)
f:\do something\ossimulation\ossimulation\include\device\memory\mmu.cpp(78): error C2447: “{”: 缺少函数标题(是否是老式的形式表?)
f:\do something\ossimulation\ossimulation\include\device\memory\mmu.cpp(83): error C2059: 语法错误:“return”
f:\do something\ossimulation\ossimulation\include\device\memory\mmu.cpp(84): error C2059: 语法错误:“}”
f:\do something\ossimulation\ossimulation\include\device\memory\mmu.cpp(84): error C2143: 语法错误: 缺少“;”(在“}”的前面)
f:\do something\ossimulation\ossimulation\include\device\memory\mmu.cpp(86): error C2143: 语法错误: 缺少“;”(在“{”的前面)
f:\do something\ossimulation\ossimulation\include\device\memory\mmu.cpp(86): error C2447: “{”: 缺少函数标题(是否是老式的形式表?)
f:\do something\ossimulation\ossimulation\include\device\memory\mmu.cpp(146): error C3927: "->": 非函数声明符后不允许尾随返回类型
f:\do something\ossimulation\ossimulation\include\device\memory\mmu.cpp(146): error C3613: “->”后缺少返回类型(假定为“int”)
f:\do something\ossimulation\ossimulation\include\device\memory\mmu.cpp(146): error C4430: 缺少类型说明符 - 假定为 int。注意: C++ 不支持默认 int
f:\do something\ossimulation\ossimulation\include\device\memory\mmu.cpp(146): error C2146: 语法错误: 缺少“;”(在标识符“mProcessTableUsed”的前面)
f:\do something\ossimulation\ossimulation\include\device\memory\mmu.cpp(147): error C2059: 语法错误:“}”
f:\do something\ossimulation\ossimulation\include\device\memory\mmu.cpp(147): error C2143: 语法错误: 缺少“;”(在“}”的前面)
f:\do something\ossimulation\ossimulation\include\device\memory\mmu.cpp(149): error C2143: 语法错误: 缺少“;”(在“{”的前面)
f:\do something\ossimulation\ossimulation\include\device\memory\mmu.cpp(149): error C2447: “{”: 缺少函数标题(是否是老式的形式表?)
f:\do something\ossimulation\ossimulation\include\device\memory\mmu.cpp(158): error C2065: “mSystemUsedSize”: 未声明的标识符
f:\do something\ossimulation\ossimulation\include\device\memory\mmu.cpp(162): error C2065: “mSystemUsedSize”: 未声明的标识符
f:\do something\ossimulation\ossimulation\include\device\memory\mmu.cpp(163): error C2065: “pageCount”: 未声明的标识符
f:\do something\ossimulation\ossimulation\include\device\memory\mmu.cpp(164): error C2065: “pageCount”: 未声明的标识符
f:\do something\ossimulation\ossimulation\include\device\memory\mmu.cpp(164): error C2065: “mSystemUsedSize”: 未声明的标识符
f:\do something\ossimulation\ossimulation\include\device\memory\mmu.cpp(168): error C2065: “page”: 未声明的标识符
f:\do something\ossimulation\ossimulation\include\device\memory\mmu.cpp(169): error C2065: “mSystemUsedSize”: 未声明的标识符
f:\do something\ossimulation\ossimulation\include\device\memory\mmu.cpp(170): error C2065: “page”: 未声明的标识符
f:\do something\ossimulation\ossimulation\include\device\memory\mmu.cpp(174): error C2065: “page”: 未声明的标识符
f:\do something\ossimulation\ossimulation\include\device\memory\mmu.cpp(174): error C2065: “i”: 未声明的标识符
f:\do something\ossimulation\ossimulation\include\device\memory\mmu.cpp(176): error C2065: “i”: 未声明的标识符
f:\do something\ossimulation\ossimulation\include\device\memory\mmu.cpp(176): error C2065: “page”: 未声明的标识符
f:\do something\ossimulation\ossimulation\include\device\memory\mmu.cpp(176): error C2660: “FrameTableItem::updateFrame”: 函数不接受 2 个参数
f:\do something\ossimulation\ossimulation\include\device\memory\mmu.cpp(178): error C2059: 语法错误:“}”
f:\do something\ossimulation\ossimulation\include\device\memory\mmu.cpp(178): error C2143: 语法错误: 缺少“;”(在“}”的前面)
f:\do something\ossimulation\ossimulation\include\device\memory\mmu.cpp(183): error C2059: 语法错误:“}”
f:\do something\ossimulation\ossimulation\include\device\memory\mmu.cpp(183): error C2143: 语法错误: 缺少“;”(在“}”的前面)
f:\do something\ossimulation\ossimulation\include\device\memory\mmu.cpp(185): error C2143: 语法错误: 缺少“;”(在“{”的前面)
f:\do something\ossimulation\ossimulation\include\device\memory\mmu.cpp(185): error C2447: “{”: 缺少函数标题(是否是老式的形式表?)
f:\do something\ossimulation\ossimulation\include\device\memory\mmu.cpp(231): error C2065: “mProcessTable”: 未声明的标识符
f:\do something\ossimulation\ossimulation\include\device\memory\mmu.cpp(231): error C2228: “.find”的左边必须有类/结构/联合
  f:\do something\ossimulation\ossimulation\include\device\memory\mmu.cpp(231): note: 类型是“unknown-type”
f:\do something\ossimulation\ossimulation\include\device\memory\mmu.cpp(233): error C3536: “item”: 初始化之前无法使用
f:\do something\ossimulation\ossimulation\include\device\memory\mmu.cpp(233): error C2065: “mProcessTable”: 未声明的标识符
f:\do something\ossimulation\ossimulation\include\device\memory\mmu.cpp(233): error C2228: “.end”的左边必须有类/结构/联合
  f:\do something\ossimulation\ossimulation\include\device\memory\mmu.cpp(233): note: 类型是“unknown-type”
f:\do something\ossimulation\ossimulation\include\device\memory\mmu.cpp(235): error C2227: “->second”的左边必须指向类/结构/联合/泛型类型
  f:\do something\ossimulation\ossimulation\include\device\memory\mmu.cpp(235): note: 类型是“int”
f:\do something\ossimulation\ossimulation\include\device\memory\mmu.cpp(242): error C2059: 语法错误:“else”
f:\do something\ossimulation\ossimulation\include\device\memory\mmu.cpp(247): error C2059: 语法错误:“if”
f:\do something\ossimulation\ossimulation\include\device\memory\mmu.cpp(247): error C2143: 语法错误: 缺少“;”(在“{”的前面)
f:\do something\ossimulation\ossimulation\include\device\memory\mmu.cpp(247): error C2447: “{”: 缺少函数标题(是否是老式的形式表?)
f:\do something\ossimulation\ossimulation\include\device\memory\mmu.cpp(249): error C2059: 语法错误:“else”
f:\do something\ossimulation\ossimulation\include\device\memory\mmu.cpp(249): error C2143: 语法错误: 缺少“;”(在“{”的前面)
f:\do something\ossimulation\ossimulation\include\device\memory\mmu.cpp(249): error C2447: “{”: 缺少函数标题(是否是老式的形式表?)
f:\do something\ossimulation\ossimulation\include\device\memory\mmu.cpp(261): error C2065: “prti”: 未声明的标识符
f:\do something\ossimulation\ossimulation\include\device\memory\mmu.cpp(261): error C2227: “->getAllocButNotUsedSize”的左边必须指向类/结构/联合/泛型类型
  f:\do something\ossimulation\ossimulation\include\device\memory\mmu.cpp(261): note: 类型是“unknown-type”
f:\do something\ossimulation\ossimulation\include\device\memory\mmu.cpp(262): error C2065: “size”: 未声明的标识符
f:\do something\ossimulation\ossimulation\include\device\memory\mmu.cpp(263): error C2065: “BIT”: 未声明的标识符
f:\do something\ossimulation\ossimulation\include\device\memory\mmu.cpp(264): error C2059: 语法错误:“if”
f:\do something\ossimulation\ossimulation\include\device\memory\mmu.cpp(268): error C2059: 语法错误:“if”
f:\do something\ossimulation\ossimulation\include\device\memory\mmu.cpp(268): error C2143: 语法错误: 缺少“;”(在“{”的前面)
f:\do something\ossimulation\ossimulation\include\device\memory\mmu.cpp(268): error C2447: “{”: 缺少函数标题(是否是老式的形式表?)
f:\do something\ossimulation\ossimulation\include\device\memory\mmu.cpp(271): error C2059: 语法错误:“else”
f:\do something\ossimulation\ossimulation\include\device\memory\mmu.cpp(271): error C2143: 语法错误: 缺少“;”(在“{”的前面)
f:\do something\ossimulation\ossimulation\include\device\memory\mmu.cpp(271): error C2447: “{”: 缺少函数标题(是否是老式的形式表?)
f:\do something\ossimulation\ossimulation\include\device\memory\mmu.cpp(284): error C2065: “availableFrames”: 未声明的标识符
f:\do something\ossimulation\ossimulation\include\device\memory\mmu.cpp(285): error C2059: 语法错误:“for”
f:\do something\ossimulation\ossimulation\include\device\memory\mmu.cpp(285): error C2143: 语法错误: 缺少“)”(在“;”的前面)
f:\do something\ossimulation\ossimulation\include\device\memory\mmu.cpp(285): error C2143: 语法错误: 缺少“;”(在“<”的前面)
f:\do something\ossimulation\ossimulation\include\device\memory\mmu.cpp(285): error C4430: 缺少类型说明符 - 假定为 int。注意: C++ 不支持默认 int
f:\do something\ossimulation\ossimulation\include\device\memory\mmu.cpp(285): error C2143: 语法错误: 缺少“;”(在“++”的前面)
f:\do something\ossimulation\ossimulation\include\device\memory\mmu.cpp(285): error C2086: “int i”: 重定义
  f:\do something\ossimulation\ossimulation\include\device\memory\mmu.cpp(285): note: 参见“i”的声明
f:\do something\ossimulation\ossimulation\include\device\memory\mmu.cpp(285): error C2059: 语法错误:“)”
f:\do something\ossimulation\ossimulation\include\device\memory\mmu.cpp(285): error C2143: 语法错误: 缺少“;”(在“{”的前面)
f:\do something\ossimulation\ossimulation\include\device\memory\mmu.cpp(285): error C2447: “{”: 缺少函数标题(是否是老式的形式表?)
f:\do something\ossimulation\ossimulation\include\device\memory\mmu.cpp(291): error C2143: 语法错误: 缺少“;”(在“-=”的前面)
f:\do something\ossimulation\ossimulation\include\device\memory\mmu.cpp(291): error C4430: 缺少类型说明符 - 假定为 int。注意: C++ 不支持默认 int
f:\do something\ossimulation\ossimulation\include\device\memory\mmu.cpp(291): error C2371: “page”: 重定义；不同的基类型
  f:\do something\ossimulation\ossimulation\include\device\memory\mmu.cpp(263): note: 参见“page”的声明
f:\do something\ossimulation\ossimulation\include\device\memory\mmu.cpp(291): fatal error C1003: 错误计数超过 100；正在停止编译
  config.cpp
f:\do something\ossimulation\ossimulation\include\config\macro.h : warning C4819: 该文件包含不能在当前代码页(936)中表示的字符。请将该文件保存为 Unicode 格式以防止数据丢失
f:\do something\ossimulation\ossimulation\include\device\memory\mmu.h : warning C4819: 该文件包含不能在当前代码页(936)中表示的字符。请将该文件保存为 Unicode 格式以防止数据丢失
f:\do something\ossimulation\ossimulation\include\device\memory\page_table.h : warning C4819: 该文件包含不能在当前代码页(936)中表示的字符。请将该文件保存为 Unicode 格式以防止数据丢失
f:\do something\ossimulation\ossimulation\include\device\memory\process_table_item.h : warning C4819: 该文件包含不能在当前代码页(936)中表示的字符。请将该文件保存为 Unicode 格式以防止数据丢失
f:\do something\ossimulation\ossimulation\include\device\memory\process_table_item.h(24): error C2065: “_MEM_DEFAULT_STACK_PAGE”: 未声明的标识符
f:\do something\ossimulation\ossimulation\include\device\memory\mmu.h(44): error C2065: “_MEM_DEFAULT_STACK_PAGE”: 未声明的标识符
f:\do something\ossimulation\ossimulation\include\config\config.cpp(34): error C2039: “check”: 不是“MMU”的成员
  f:\do something\ossimulation\ossimulation\include\device\memory\mmu.h(16): note: 参见“MMU”的声明
f:\do something\ossimulation\ossimulation\include\config\config.cpp(120): error C2065: “_DISK_BLOCK_SIZE”: 未声明的标识符
f:\do something\ossimulation\ossimulation\include\config\config.cpp(121): error C2065: “_DISK_BLOCK_COUNT”: 未声明的标识符
f:\do something\ossimulation\ossimulation\include\config\config.cpp(123): error C2065: “_DISK_BUFFER_MAX_BLOCK”: 未声明的标识符
f:\do something\ossimulation\ossimulation\include\config\config.cpp(128): error C2065: “_MEM_DEFAULT_STACK_PAGE”: 未声明的标识符
f:\do something\ossimulation\ossimulation\include\config\config.cpp(133): error C2065: “_DISK_BLOCK_SIZE”: 未声明的标识符
f:\do something\ossimulation\ossimulation\include\config\config.cpp(134): error C2065: “_OS_MEM_SWAP_SIZE”: 未声明的标识符
f:\do something\ossimulation\ossimulation\include\config\config.cpp(135): error C2065: “_OS_BOOT_MEMORY_KB”: 未声明的标识符
f:\do something\ossimulation\ossimulation\include\config\config.cpp(136): error C2065: “_OS_MAXIMUM_TASKS”: 未声明的标识符
  System.cpp
f:\do something\ossimulation\ossimulation\include\device\memory\mmu.h : warning C4819: 该文件包含不能在当前代码页(936)中表示的字符。请将该文件保存为 Unicode 格式以防止数据丢失
f:\do something\ossimulation\ossimulation\include\config\macro.h : warning C4819: 该文件包含不能在当前代码页(936)中表示的字符。请将该文件保存为 Unicode 格式以防止数据丢失
f:\do something\ossimulation\ossimulation\include\device\memory\page_table.h : warning C4819: 该文件包含不能在当前代码页(936)中表示的字符。请将该文件保存为 Unicode 格式以防止数据丢失
f:\do something\ossimulation\ossimulation\include\device\memory\process_table_item.h : warning C4819: 该文件包含不能在当前代码页(936)中表示的字符。请将该文件保存为 Unicode 格式以防止数据丢失
f:\do something\ossimulation\ossimulation\include\device\memory\process_table_item.h(24): error C2065: “_MEM_DEFAULT_STACK_PAGE”: 未声明的标识符
f:\do something\ossimulation\ossimulation\include\device\memory\mmu.h(44): error C2065: “_MEM_DEFAULT_STACK_PAGE”: 未声明的标识符
  正在生成代码...
